npm timing npm:load:whichnode Completed in 2ms
npm timing npm:load:configload Completed in 22ms
npm timing config:load:flatten Completed in 3ms
npm timing npm:load:mkdirpcache Completed in 4ms
npm timing npm:load:mkdirplogs Completed in 1ms
npm timing npm:load:setTitle Completed in 5ms
npm timing npm:load Completed in 70ms
npm timing arborist:ctor Completed in 1ms
npm timing idealTree:init Completed in 959ms
npm timing idealTree:userRequests Completed in 1ms
npm timing idealTree:#root Completed in 1ms
npm timing idealTree:node_modules/@tailwindcss/oxide-wasm32-wasi Completed in 0ms
npm timing idealTree:buildDeps Completed in 3ms
npm timing idealTree:fixDepFlags Completed in 0ms
npm timing idealTree Completed in 981ms
npm timing reify:loadTrees Completed in 4969ms
npm timing reify:diffTrees Completed in 37ms
npm timing reify:retireShallow Completed in 1ms
npm timing reify:createSparse Completed in 1ms
npm timing reify:loadBundles Completed in 0ms
npm timing reify:unpack Completed in 0ms
npm timing reify:unretire Completed in 18ms
npm timing build:queue Completed in 0ms
npm timing build:deps Completed in 1ms
npm timing build Completed in 2ms
npm timing reify:build Completed in 9ms
npm timing reify:trash Completed in 0ms
npm timing reify:save Completed in 507ms
npm timing auditReport:getReport Completed in 1471ms
npm timing metavuln:cache:get:security-advisory:lodash:OGNA5lR8rR8aeucWHqvJLBV5oaroI/lF2JfG9J2l63dx9uiGUyHuI4ymC6nv+dqWwxtqCIMcqBukiWYEiF5/RQ== Completed in 21ms
npm timing metavuln:cache:get:security-advisory:dompurify:pykPR0xDEnQSxijLS8ezJboqgDAHD1cZv3SXMI6aKj90jbMnh7FCWR+yHyc7a+kQ9mzxcg25LGEb184AawRBqg== Completed in 19ms
npm timing metavuln:cache:get:security-advisory:d3-color:PXCCUtz8pBXn13G8u17PBCuRV0pJOh1kohKpl7G3/xGHcfhFmfHH/gB68CGJBeS+t7/saVeazG1QCRKoNcOlVA== Completed in 20ms
npm timing metavuln:cache:get:security-advisory:hono:6oHrLdH5eTubfVPcL8q9EcQsP8SLZvyWDsHckTz71K14wkEi8q5wRuaBGj8NJakKdussEp+PL5TySTgVA+FD8g== Completed in 20ms
npm timing metavuln:cache:get:security-advisory:hono:bx4eEzw9rzAstv1ZIoVAx7oUQr+OvqEd5qePk7OTvWY2kxVRHaga57/5klzuh9eDS3iLDokPhpS5PZx8g6E+0Q== Completed in 20ms
npm timing metavuln:cache:get:security-advisory:hono:zYlU+jipjg/zHgadKG1CiX/Q9od+bc9kt4e/JJUnUSfvWmlH0gILuAkFVf3Zjwl+8KtWNRX5UHkrOBWg5Ow0Lw== Completed in 21ms
npm timing metavuln:cache:get:security-advisory:hono:zvCV2qovfgPxCmsrIGyz4R81yLqpAJE/t1XXeRR8d1ueNLyVeNQjh5o2Cnrgc+JwjM0WC7efgXMvV+Sz+kkrAA== Completed in 22ms
npm timing metavuln:cache:get:security-advisory:jspdf:0I6/xyadBg3UNosuAu9OwaeeeDH7xP3cNYZRR377F5BOZNoR3JCJq1rkQ/2fKFO3WESNHcoBFhgICJ4E10ix6Q== Completed in 22ms
npm timing metavuln:cache:get:security-advisory:jspdf:EDZxkK2upl+iytEo8BHZFCx4VespvCb38+Euc5N8/MfQm43wsFI20LKamIFRlbsANhN/LPhKf4V9UzT9FVXwMg== Completed in 23ms
npm timing metavuln:cache:get:security-advisory:jspdf:p20F3mKUMZGAFPLn/ZCm7wSkEqnrTZauyRIcLtgG5jRr4XlO47UGZG572gSjfbALgOnnF6ajwbt8gSn4NfopFw== Completed in 26ms
npm timing metavuln:cache:get:security-advisory:jspdf:cyNkYs+ceA2gBpEm8HUiPjmzhmhTfnrhOVn70u4memYd6eTqeDqKg4JacUyKAnmb0fWMKV670QZBvS1Hefj7Eg== Completed in 26ms
npm timing metavuln:cache:get:security-advisory:jspdf:A4lUxWmp16lo66OdWsnKbshESimCQ8GASHYMS+SWWyMqb6lhnVQTPwIAkd+sJstdKmIw/G3E1ubJE7aiIdwLtQ== Completed in 27ms
npm timing metavuln:cache:get:security-advisory:jspdf:slhdyewPssVEn+gIWZOSIv+72murLZnY5siZkb0wf+O1CtkRLGjSa7JXY0mwPZ//p5YSorFhJcuom9XjzkuRzw== Completed in 27ms
npm timing metavuln:cache:get:security-advisory:jspdf:gxaJ/RdB2DxRArMawp04fmvbjflO5pMphUGxCYVpuFc/nC4LUjvN3K6PlIo+MKOVI8v/8yO9PhpVJWXGDcYVkA== Completed in 28ms
npm timing metavuln:packument:lodash Completed in 118ms
npm timing metavuln:load:security-advisory:lodash:1112455 Completed in 2ms
npm timing metavuln:calculate:security-advisory:lodash:1112455 Completed in 121ms
npm timing metavuln:packument:dompurify Completed in 190ms
npm timing metavuln:load:security-advisory:dompurify:1105772 Completed in 1ms
npm timing metavuln:calculate:security-advisory:dompurify:1105772 Completed in 194ms
npm timing metavuln:packument:jspdf Completed in 205ms
npm timing metavuln:load:security-advisory:jspdf:1103308 Completed in 0ms
npm timing metavuln:calculate:security-advisory:jspdf:1103308 Completed in 206ms
npm timing metavuln:load:security-advisory:jspdf:1107412 Completed in 0ms
npm timing metavuln:calculate:security-advisory:jspdf:1107412 Completed in 207ms
npm timing metavuln:load:security-advisory:jspdf:1112264 Completed in 0ms
npm timing metavuln:calculate:security-advisory:jspdf:1112264 Completed in 208ms
npm timing metavuln:load:security-advisory:jspdf:1112801 Completed in 0ms
npm timing metavuln:calculate:security-advisory:jspdf:1112801 Completed in 209ms
npm timing metavuln:load:security-advisory:jspdf:1112802 Completed in 0ms
npm timing metavuln:calculate:security-advisory:jspdf:1112802 Completed in 210ms
npm timing metavuln:load:security-advisory:jspdf:1112803 Completed in 0ms
npm timing metavuln:calculate:security-advisory:jspdf:1112803 Completed in 211ms
npm timing metavuln:load:security-advisory:jspdf:1112804 Completed in 0ms
npm timing metavuln:calculate:security-advisory:jspdf:1112804 Completed in 212ms
npm timing metavuln:packument:hono Completed in 229ms
npm timing metavuln:load:security-advisory:hono:1112644 Completed in 2ms
npm timing metavuln:calculate:security-advisory:hono:1112644 Completed in 233ms
npm timing metavuln:load:security-advisory:hono:1112677 Completed in 3ms
npm timing metavuln:calculate:security-advisory:hono:1112677 Completed in 236ms
npm timing metavuln:load:security-advisory:hono:1112678 Completed in 2ms
npm timing metavuln:calculate:security-advisory:hono:1112678 Completed in 239ms
npm timing metavuln:load:security-advisory:hono:1112911 Completed in 2ms
npm timing metavuln:calculate:security-advisory:hono:1112911 Completed in 242ms
npm timing metavuln:packument:d3-color Completed in 253ms
npm timing metavuln:load:security-advisory:d3-color:1088594 Completed in 0ms
npm timing metavuln:calculate:security-advisory:d3-color:1088594 Completed in 254ms
npm timing metavuln:cache:get:security-advisory:@chevrotain/cst-dts-gen:Oy4plaOsmbvvApks/BQ7s0uTueIvgg/U8lyec8slwJBWb1t2HJ0wP6TnQfrlv1Ow+/WLrcBtt1dxDV3HNGIWhA== Completed in 19ms
npm timing metavuln:cache:get:security-advisory:@chevrotain/gast:lofcX2zXMwDme+vc+Tcr3ebH/2N7Zs7k/uEmWGMFxIO3dBxKDErwNn1T1SQ99vvhqIXciCqC8OiIxJEQhu1nBA== Completed in 21ms
npm timing metavuln:cache:get:security-advisory:chevrotain:0G8kkjZOzOONzIECbM9YorH42i8anc4gRux/MWQTIqWZEDAl8uEx5X42lrWHiFBfGkFCdk6Kn8w20jgClmlcWA== Completed in 21ms
npm timing metavuln:packument:chevrotain Completed in 96ms
npm timing metavuln:load:security-advisory:chevrotain:OGNA5lR8rR8aeucWHqvJLBV5oaroI/lF2JfG9J2l63dx9uiGUyHuI4ymC6nv+dqWwxtqCIMcqBukiWYEiF5/RQ== Completed in 1ms
npm timing metavuln:calculate:security-advisory:chevrotain:OGNA5lR8rR8aeucWHqvJLBV5oaroI/lF2JfG9J2l63dx9uiGUyHuI4ymC6nv+dqWwxtqCIMcqBukiWYEiF5/RQ== Completed in 98ms
npm timing metavuln:packument:@chevrotain/cst-dts-gen Completed in 118ms
npm timing metavuln:load:security-advisory:@chevrotain/cst-dts-gen:OGNA5lR8rR8aeucWHqvJLBV5oaroI/lF2JfG9J2l63dx9uiGUyHuI4ymC6nv+dqWwxtqCIMcqBukiWYEiF5/RQ== Completed in 0ms
npm timing metavuln:calculate:security-advisory:@chevrotain/cst-dts-gen:OGNA5lR8rR8aeucWHqvJLBV5oaroI/lF2JfG9J2l63dx9uiGUyHuI4ymC6nv+dqWwxtqCIMcqBukiWYEiF5/RQ== Completed in 119ms
npm timing metavuln:packument:@chevrotain/gast Completed in 126ms
npm timing metavuln:load:security-advisory:@chevrotain/gast:OGNA5lR8rR8aeucWHqvJLBV5oaroI/lF2JfG9J2l63dx9uiGUyHuI4ymC6nv+dqWwxtqCIMcqBukiWYEiF5/RQ== Completed in 0ms
npm timing metavuln:calculate:security-advisory:@chevrotain/gast:OGNA5lR8rR8aeucWHqvJLBV5oaroI/lF2JfG9J2l63dx9uiGUyHuI4ymC6nv+dqWwxtqCIMcqBukiWYEiF5/RQ== Completed in 127ms
npm timing metavuln:cache:get:security-advisory:d3-transition:a7EqjKFx6XJgOZ7nJ58IpWH2G89VNRpzpxFL7SjBAx93Rlbb6jYPJk9Xgb9+Ax+7unBh6EzCUtsq00AzblrWlQ== Completed in 6ms
npm timing metavuln:cache:get:security-advisory:d3-interpolate:/0c0NbpifkPwYK9Wc12lWCuekF3egfwQpU2vPvU1z9YtPOYhtO7tT+WkboXD+VCbMPJ5HjjePH/MBwCF4GihdQ== Completed in 6ms
npm timing metavuln:packument:d3-transition Completed in 64ms
npm timing metavuln:load:security-advisory:d3-transition:PXCCUtz8pBXn13G8u17PBCuRV0pJOh1kohKpl7G3/xGHcfhFmfHH/gB68CGJBeS+t7/saVeazG1QCRKoNcOlVA== Completed in 0ms
npm timing metavuln:calculate:security-advisory:d3-transition:PXCCUtz8pBXn13G8u17PBCuRV0pJOh1kohKpl7G3/xGHcfhFmfHH/gB68CGJBeS+t7/saVeazG1QCRKoNcOlVA== Completed in 65ms
npm timing metavuln:packument:d3-interpolate Completed in 71ms
npm timing metavuln:load:security-advisory:d3-interpolate:PXCCUtz8pBXn13G8u17PBCuRV0pJOh1kohKpl7G3/xGHcfhFmfHH/gB68CGJBeS+t7/saVeazG1QCRKoNcOlVA== Completed in 0ms
npm timing metavuln:calculate:security-advisory:d3-interpolate:PXCCUtz8pBXn13G8u17PBCuRV0pJOh1kohKpl7G3/xGHcfhFmfHH/gB68CGJBeS+t7/saVeazG1QCRKoNcOlVA== Completed in 72ms
npm timing metavuln:cache:get:security-advisory:jspdf:oNbNM9SNiHULA2LCI5BLYGCigEtL0Bgg4ntToLPryR8t8m/rOqon2KQjyWwsQ+Qb0TPR3rI1UO4GzuOrhBRE/A== Completed in 10ms
npm timing metavuln:load:security-advisory:jspdf:pykPR0xDEnQSxijLS8ezJboqgDAHD1cZv3SXMI6aKj90jbMnh7FCWR+yHyc7a+kQ9mzxcg25LGEb184AawRBqg== Completed in 0ms
npm timing metavuln:calculate:security-advisory:jspdf:pykPR0xDEnQSxijLS8ezJboqgDAHD1cZv3SXMI6aKj90jbMnh7FCWR+yHyc7a+kQ9mzxcg25LGEb184AawRBqg== Completed in 12ms
npm timing metavuln:cache:get:security-advisory:@prisma/dev:ig1JB6LjR3TyWjtsajd1FYAQRrVVoT8Pv/XXxodYCzXl1897zYPc/uFB8EJcsjiNLXPc50+c6HXQaDDSrtA7NQ== Completed in 4ms
npm timing metavuln:packument:@prisma/dev Completed in 114ms
npm timing metavuln:load:security-advisory:@prisma/dev:6oHrLdH5eTubfVPcL8q9EcQsP8SLZvyWDsHckTz71K14wkEi8q5wRuaBGj8NJakKdussEp+PL5TySTgVA+FD8g== Completed in 21ms
npm timing metavuln:calculate:security-advisory:@prisma/dev:6oHrLdH5eTubfVPcL8q9EcQsP8SLZvyWDsHckTz71K14wkEi8q5wRuaBGj8NJakKdussEp+PL5TySTgVA+FD8g== Completed in 137ms
npm timing metavuln:cache:get:security-advisory:@mrleebo/prisma-ast:91j0Akk2G63K8S/okeU7886qWf3TvASTcDHk8i4cHwvuirur2cZly1CApat+RXGEM1HMtUBcI7xUkR3LU+nuSA== Completed in 3ms
npm timing metavuln:packument:@mrleebo/prisma-ast Completed in 70ms
npm timing metavuln:load:security-advisory:@mrleebo/prisma-ast:0G8kkjZOzOONzIECbM9YorH42i8anc4gRux/MWQTIqWZEDAl8uEx5X42lrWHiFBfGkFCdk6Kn8w20jgClmlcWA== Completed in 1ms
npm timing metavuln:calculate:security-advisory:@mrleebo/prisma-ast:0G8kkjZOzOONzIECbM9YorH42i8anc4gRux/MWQTIqWZEDAl8uEx5X42lrWHiFBfGkFCdk6Kn8w20jgClmlcWA== Completed in 72ms
npm timing metavuln:cache:get:security-advisory:chevrotain:8KEWs+QGirJc+Vu5/tQdf86utJharKxSBtTbz1XJQTSZ31jcuqtnMAJ+ANBFBjbNrTgs7t4KZ9ZUqoBkHKtB0A== Completed in 1ms
npm timing metavuln:load:security-advisory:chevrotain:Oy4plaOsmbvvApks/BQ7s0uTueIvgg/U8lyec8slwJBWb1t2HJ0wP6TnQfrlv1Ow+/WLrcBtt1dxDV3HNGIWhA== Completed in 1ms
npm timing metavuln:calculate:security-advisory:chevrotain:Oy4plaOsmbvvApks/BQ7s0uTueIvgg/U8lyec8slwJBWb1t2HJ0wP6TnQfrlv1Ow+/WLrcBtt1dxDV3HNGIWhA== Completed in 3ms
npm timing metavuln:cache:get:security-advisory:chevrotain:cuL/D2qC8//k0X+lZ70MWr/FJtkmYQLP4iAbfTfF6G2snCRa8wY72sLMNnlBE08p6PYoPxLdbyf1Wx/c4swLEg== Completed in 5ms
npm timing metavuln:load:security-advisory:chevrotain:lofcX2zXMwDme+vc+Tcr3ebH/2N7Zs7k/uEmWGMFxIO3dBxKDErwNn1T1SQ99vvhqIXciCqC8OiIxJEQhu1nBA== Completed in 0ms
npm timing metavuln:calculate:security-advisory:chevrotain:lofcX2zXMwDme+vc+Tcr3ebH/2N7Zs7k/uEmWGMFxIO3dBxKDErwNn1T1SQ99vvhqIXciCqC8OiIxJEQhu1nBA== Completed in 7ms
npm timing metavuln:cache:get:security-advisory:@chevrotain/cst-dts-gen:jkQ3jR4Hat0ftNfGSt88/FYSO6mDTqLY1Zy3yEStP/uO4gYEIDMyJbFKQXaG8/ebEQo/sZGTvdLsvDhMaiWhrQ== Completed in 8ms
npm timing metavuln:load:security-advisory:@chevrotain/cst-dts-gen:lofcX2zXMwDme+vc+Tcr3ebH/2N7Zs7k/uEmWGMFxIO3dBxKDErwNn1T1SQ99vvhqIXciCqC8OiIxJEQhu1nBA== Completed in 0ms
npm timing metavuln:calculate:security-advisory:@chevrotain/cst-dts-gen:lofcX2zXMwDme+vc+Tcr3ebH/2N7Zs7k/uEmWGMFxIO3dBxKDErwNn1T1SQ99vvhqIXciCqC8OiIxJEQhu1nBA== Completed in 9ms
npm timing metavuln:cache:get:security-advisory:d3-zoom:1hh19LN4MEECkX4XH5qidMdE4S2wHhl6C+xrR9LpuLey5eCYsE+svXH3EoZZu5ljlVvys0AvvtQQyZsg1DnO8Q== Completed in 3ms
npm timing metavuln:packument:d3-zoom Completed in 58ms
npm timing metavuln:load:security-advisory:d3-zoom:a7EqjKFx6XJgOZ7nJ58IpWH2G89VNRpzpxFL7SjBAx93Rlbb6jYPJk9Xgb9+Ax+7unBh6EzCUtsq00AzblrWlQ== Completed in 1ms
npm timing metavuln:calculate:security-advisory:d3-zoom:a7EqjKFx6XJgOZ7nJ58IpWH2G89VNRpzpxFL7SjBAx93Rlbb6jYPJk9Xgb9+Ax+7unBh6EzCUtsq00AzblrWlQ== Completed in 59ms
npm timing metavuln:cache:get:security-advisory:d3-transition:J0X1CsqSmS+XhYkFKqm+BivMRkiLNw2PsCJ65+FZkba+kVHiV4i6AnGF9n6a/jfDA1JZnJP43qEJn+aqJodr4w== Completed in 8ms
npm timing metavuln:load:security-advisory:d3-transition:/0c0NbpifkPwYK9Wc12lWCuekF3egfwQpU2vPvU1z9YtPOYhtO7tT+WkboXD+VCbMPJ5HjjePH/MBwCF4GihdQ== Completed in 0ms
npm timing metavuln:calculate:security-advisory:d3-transition:/0c0NbpifkPwYK9Wc12lWCuekF3egfwQpU2vPvU1z9YtPOYhtO7tT+WkboXD+VCbMPJ5HjjePH/MBwCF4GihdQ== Completed in 9ms
npm timing metavuln:cache:get:security-advisory:d3-zoom:eHGtrxRYjxhCmzSv/zrfYYoEuaOhtckXj8YChuEVd9DZP/XAtjuZgRyoyZdHq9rgcUXO0WxzOWvcSrf3vK+3dg== Completed in 11ms
npm timing metavuln:load:security-advisory:d3-zoom:/0c0NbpifkPwYK9Wc12lWCuekF3egfwQpU2vPvU1z9YtPOYhtO7tT+WkboXD+VCbMPJ5HjjePH/MBwCF4GihdQ== Completed in 0ms
npm timing metavuln:calculate:security-advisory:d3-zoom:/0c0NbpifkPwYK9Wc12lWCuekF3egfwQpU2vPvU1z9YtPOYhtO7tT+WkboXD+VCbMPJ5HjjePH/MBwCF4GihdQ== Completed in 13ms
npm timing metavuln:cache:get:security-advisory:prisma:aKcgccjuc+27DiELmwFXjdiGYN0i0fdHRGlw66jgPm75/aDovuZAdv1jPeFePIlFu59cUz1+JZS3Vi6yEbESdg== Completed in 11ms
npm timing metavuln:packument:prisma Completed in 547ms
npm timing metavuln:load:security-advisory:prisma:ig1JB6LjR3TyWjtsajd1FYAQRrVVoT8Pv/XXxodYCzXl1897zYPc/uFB8EJcsjiNLXPc50+c6HXQaDDSrtA7NQ== Completed in 489ms
npm timing metavuln:calculate:security-advisory:prisma:ig1JB6LjR3TyWjtsajd1FYAQRrVVoT8Pv/XXxodYCzXl1897zYPc/uFB8EJcsjiNLXPc50+c6HXQaDDSrtA7NQ== Completed in 1038ms
npm timing metavuln:cache:get:security-advisory:@prisma/dev:BFblEQssA6u+HjmTwxXgVuHVpG+ZIn9kfchi87FGn1BeAtkLsjYY9A/84H0C/cI5uUXDAR/Lpc0tFEx9RYn3iQ== Completed in 46ms
npm timing metavuln:load:security-advisory:@prisma/dev:91j0Akk2G63K8S/okeU7886qWf3TvASTcDHk8i4cHwvuirur2cZly1CApat+RXGEM1HMtUBcI7xUkR3LU+nuSA== Completed in 19ms
npm timing metavuln:calculate:security-advisory:@prisma/dev:91j0Akk2G63K8S/okeU7886qWf3TvASTcDHk8i4cHwvuirur2cZly1CApat+RXGEM1HMtUBcI7xUkR3LU+nuSA== Completed in 67ms
npm timing metavuln:cache:get:security-advisory:react-simple-maps:Qma5t0pXHgg+6YZkauU3fwB+7p54YrixccbSWikG9FITwpgH51hApvxL0uS2RpMCtaXDWycczMbGaN4xdtGHbw== Completed in 5ms
npm timing metavuln:packument:react-simple-maps Completed in 56ms
npm timing metavuln:load:security-advisory:react-simple-maps:1hh19LN4MEECkX4XH5qidMdE4S2wHhl6C+xrR9LpuLey5eCYsE+svXH3EoZZu5ljlVvys0AvvtQQyZsg1DnO8Q== Completed in 0ms
npm timing metavuln:calculate:security-advisory:react-simple-maps:1hh19LN4MEECkX4XH5qidMdE4S2wHhl6C+xrR9LpuLey5eCYsE+svXH3EoZZu5ljlVvys0AvvtQQyZsg1DnO8Q== Completed in 57ms
npm timing auditReport:init Completed in 2250ms
npm timing reify:audit Completed in 3732ms
npm timing reify Completed in 8743ms

> regimpact@0.1.0 postinstall
> prisma generate

Loaded Prisma config from prisma.config.ts.

Prisma schema loaded from prisma\schema.prisma.

Γ£ö Generated Prisma Client (v7.4.0) to .\generated\prisma\client in 472ms

Start by importing your Prisma Client (See: https://pris.ly/d/importing-client)



up to date, audited 802 packages in 13s

254 packages are looking for funding
  run `npm fund` for details

15 vulnerabilities (9 moderate, 5 high, 1 critical)

To address issues that do not require attention, run:
  npm audit fix

To address all issues (including breaking changes), run:
  npm audit fix --force

Run `npm audit` for details.
npm timing command:install Completed in 11891ms
npm timing npm Completed in 12726ms
